\BOOKMARK [1][-]{section.1}{\376\377\000B\000a\000c\000k\000g\000r\000o\000u\000n\000d}{}% 1
\BOOKMARK [1][-]{section.2}{\376\377\000S\000m\000e\000c\000t\000i\000c\000\040\000L\000i\000q\000u\000i\000d\000\040\000C\000r\000y\000s\000t\000a\000l\000s}{}% 2
\BOOKMARK [1][-]{section.3}{\376\377\000R\000e\000s\000t\000\040\000o\000f\000\040\000B\000a\000c\000k\000g\000r\000o\000u\000n\000d}{}% 3
\BOOKMARK [2][-]{subsection.3.1}{\376\377\000G\000i\000n\000z\000b\000u\000r\000g\000-\000L\000a\000n\000d\000a\000u\000\040\000t\000h\000e\000o\000r\000y\000\040\000i\000n\000t\000r\000o\000?}{section.3}% 4
\BOOKMARK [2][-]{subsection.3.2}{\376\377\000W\000i\000r\000t\000i\000n\000g\000e\000r\000\040\000d\000e\000r\000i\000v\000a\000t\000i\000v\000e\000s\000\040\000\050\000m\000a\000y\000b\000e\000\040\000m\000o\000v\000e\000\040\000a\000t\000\040\000t\000h\000e\000\040\000e\000n\000d\000?\000\051}{section.3}% 5
\BOOKMARK [2][-]{subsection.3.3}{\376\377\000D\000e\000s\000c\000r\000i\000b\000i\000n\000g\000\040\000s\000m\000e\000c\000t\000i\000c\000s}{section.3}% 6
\BOOKMARK [2][-]{subsection.3.4}{\376\377\000L\000i\000m\000i\000t\000a\000t\000i\000o\000n\000s\000\040\000w\000e\000\040\000a\000d\000d\000r\000e\000s\000s\000\040\000a\000n\000d\000\040\000o\000t\000h\000e\000r\000\040\000a\000p\000p\000r\000o\000a\000c\000h\000e\000s}{section.3}% 7
\BOOKMARK [1][-]{section.4}{\376\377\000I\000n\000t\000r\000o\000d\000u\000c\000t\000i\000o\000n\000\040\000t\000o\000\040\000t\000h\000e\000\040\000[\0001\000.\0002\000p\000t\000]\000[\0001\000.\0002\000p\000t\000]\000E\0001\000.\0005\000e\000x\000.\0001\000e\000x\0001\000.\0005\000e\000x\000.\0001\000e\000x\000\040\000t\000e\000n\000s\000o\000r}{}% 8
\BOOKMARK [1][-]{section.5}{\376\377\000N\000e\000w\000\040\000p\000e\000r\000s\000p\000e\000c\000t\000i\000v\000e\000s\000\040\000o\000n\000\040\000[\0001\000.\0002\000p\000t\000]\000[\0001\000.\0002\000p\000t\000]\000E\0001\000.\0005\000e\000x\000.\0001\000e\000x\0001\000.\0005\000e\000x\000.\0001\000e\000x\000\040\000\050\000i\000n\000\040\0003\000D\000\051}{}% 9
\BOOKMARK [2][-]{subsection.5.1}{\376\377\000C\000o\000n\000s\000t\000r\000a\000i\000n\000t\000s}{section.5}% 10
\BOOKMARK [2][-]{subsection.5.2}{\376\377\000B\000i\000a\000x\000i\000a\000l\000i\000t\000y}{section.5}% 11
\BOOKMARK [2][-]{subsection.5.3}{\376\377\000P\000r\000o\000p\000e\000r\000t\000i\000e\000s\000\040\000o\000f\000\040\000b\000i\000a\000x\000i\000a\000l\000\040\000[\0001\000.\0002\000p\000t\000]\000[\0001\000.\0002\000p\000t\000]\000E\0001\000.\0005\000e\000x\000.\0001\000e\000x\0001\000.\0005\000e\000x\000.\0001\000e\000x}{section.5}% 12
\BOOKMARK [1][-]{section.6}{\376\377\000D\000y\000n\000a\000m\000i\000c\000s\000\040\000o\000f\000\040\000[\0001\000.\0002\000p\000t\000]\000[\0001\000.\0002\000p\000t\000]\000E\0001\000.\0005\000e\000x\000.\0001\000e\000x\0001\000.\0005\000e\000x\000.\0001\000e\000x}{}% 13
\BOOKMARK [2][-]{subsection.6.1}{\376\377\000G\000i\000n\000z\000b\000u\000r\000g\000-\000L\000a\000n\000d\000a\000u}{section.6}% 14
\BOOKMARK [2][-]{subsection.6.2}{\376\377\000F\000r\000e\000e\000\040\000E\000n\000e\000r\000g\000y}{section.6}% 15
\BOOKMARK [3][-]{subsubsection.6.2.1}{\376\377\000B\000u\000l\000k}{subsection.6.2}% 16
\BOOKMARK [1][-]{section.7}{\376\377\000N\000u\000m\000e\000r\000i\000c\000a\000l\000\040\000R\000e\000s\000u\000l\000t\000s}{}% 17
\BOOKMARK [2][-]{subsection.7.1}{\376\377\000I\000m\000p\000o\000s\000e\000d\000\040\000t\000w\000i\000s\000t}{section.7}% 18
\BOOKMARK [3][-]{subsubsection.7.1.1}{\376\377\000F\000i\000t\000t\000i\000n\000g\000\040}{subsection.7.1}% 19
\BOOKMARK [1][-]{section.8}{\376\377\000C\000u\000r\000r\000e\000n\000t\000\040\000l\000i\000m\000i\000t\000a\000t\000i\000o\000n\000s\000\040\000o\000f\000\040\000[\0001\000.\0002\000p\000t\000]\000[\0001\000.\0002\000p\000t\000]\000E\0001\000.\0005\000e\000x\000.\0001\000e\000x\0001\000.\0005\000e\000x\000.\0001\000e\000x}{}% 20
\BOOKMARK [2][-]{subsection.8.1}{\376\377\000T\000h\000e\000\040\000s\000m\000e\000c\000t\000i\000c\000\040\000s\000y\000m\000m\000e\000t\000r\000i\000e\000s}{section.8}% 21
